<?xml version="1.0" encoding="UTF-8"?>
<testsuite xmlns:xsi="http://www.w3.org/2001/XMLSchema-instance" xsi:noNamespaceSchemaLocation="https://maven.apache.org/surefire/maven-surefire-plugin/xsd/surefire-test-report-3.0.xsd" version="3.0" name="runner.TestRunner" time="4.786" tests="1" errors="1" skipped="0" failures="0">
  <properties>
[...]
</properties>
  <testcase name="Test Scenario" classname="Test Feature" time="4.024">
    <error message="session not created: This version of ChromeDriver only supports Chrome version 114&#10;Current browser version is 140.0.7339.128 with binary path C:\Users\nathalia.bim\AppData\Local\Google\Chrome\Application\chrome.exe&#10;Build info: version: &apos;3.141.59&apos;, revision: &apos;e82be7d358&apos;, time: &apos;2018-11-14T08:17:03&apos;&#10;System info: host: &apos;LP1969&apos;, ip: &apos;172.22.200.243&apos;, os.name: &apos;Windows 11&apos;, os.arch: &apos;amd64&apos;, os.version: &apos;10.0&apos;, java.version: &apos;17.0.11&apos;&#10;Driver info: driver.version: ChromeDriver&#10;remote stacktrace: Backtrace:&#10;	GetHandleVerifier [0x011BA813+48355]&#10;	(No symbol) [0x0114C4B1]&#10;	(No symbol) [0x01055358]&#10;	(No symbol) [0x010761AC]&#10;	(No symbol) [0x01071EF3]&#10;	(No symbol) [0x01070579]&#10;	(No symbol) [0x010A0C55]&#10;	(No symbol) [0x010A093C]&#10;	(No symbol) [0x0109A536]&#10;	(No symbol) [0x010782DC]&#10;	(No symbol) [0x010793DD]&#10;	GetHandleVerifier [0x0141AABD+2539405]&#10;	GetHandleVerifier [0x0145A78F+2800735]&#10;	GetHandleVerifier [0x0145456C+2775612]&#10;	GetHandleVerifier [0x012451E0+616112]&#10;	(No symbol) [0x01155F8C]&#10;	(No symbol) [0x01152328]&#10;	(No symbol) [0x0115240B]&#10;	(No symbol) [0x01144FF7]&#10;	BaseThreadInitThunk [0x764A5D49+25]&#10;	RtlInitializeExceptionChain [0x76F1D1AB+107]&#10;	RtlGetAppContainerNamedObjectPath [0x76F1D131+561]&#10;" type="org.openqa.selenium.SessionNotCreatedException"><![CDATA[org.openqa.selenium.SessionNotCreatedException: 
session not created: This version of ChromeDriver only supports Chrome version 114
Current browser version is 140.0.7339.128 with binary path C:\Users\nathalia.bim\AppData\Local\Google\Chrome\Application\chrome.exe
Build info: version: '3.141.59', revision: 'e82be7d358', time: '2018-11-14T08:17:03'
System info: host: 'LP1969', ip: '172.22.200.243', os.name: 'Windows 11', os.arch: 'amd64', os.version: '10.0', java.version: '17.0.11'
Driver info: driver.version: ChromeDriver
remote stacktrace: Backtrace:
	GetHandleVerifier [0x011BA813+48355]
	(No symbol) [0x0114C4B1]
	(No symbol) [0x01055358]
	(No symbol) [0x010761AC]
	(No symbol) [0x01071EF3]
	(No symbol) [0x01070579]
	(No symbol) [0x010A0C55]
	(No symbol) [0x010A093C]
	(No symbol) [0x0109A536]
	(No symbol) [0x010782DC]
	(No symbol) [0x010793DD]
	GetHandleVerifier [0x0141AABD+2539405]
	GetHandleVerifier [0x0145A78F+2800735]
	GetHandleVerifier [0x0145456C+2775612]
	GetHandleVerifier [0x012451E0+616112]
	(No symbol) [0x01155F8C]
	(No symbol) [0x01152328]
	(No symbol) [0x0115240B]
	(No symbol) [0x01144FF7]
	BaseThreadInitThunk [0x764A5D49+25]
	RtlInitializeExceptionChain [0x76F1D1AB+107]
	RtlGetAppContainerNamedObjectPath [0x76F1D131+561]

]]></error>
    <system-out><![CDATA[
Scenario: Test Scenario                        &amp#27;[90m# src/test/resources/features/login.feature:3&amp#27;[0m
      &amp#27;[31morg.openqa.selenium.SessionNotCreatedException: session not created: This version of ChromeDriver only supports Chrome version 114
Current browser version is 140.0.7339.128 with binary path C:\Users\nathalia.bim\AppData\Local\Google\Chrome\Application\chrome.exe
Build info: version: '3.141.59', revision: 'e82be7d358', time: '2018-11-14T08:17:03'
System info: host: 'LP1969', ip: '172.22.200.243', os.name: 'Windows 11', os.arch: 'amd64', os.version: '10.0', java.version: '17.0.11'
Driver info: driver.version: ChromeDriver
remote stacktrace: Backtrace:
	GetHandleVerifier [0x011BA813+48355]
	(No symbol) [0x0114C4B1]
	(No symbol) [0x01055358]
	(No symbol) [0x010761AC]
	(No symbol) [0x01071EF3]
	(No symbol) [0x01070579]
	(No symbol) [0x010A0C55]
	(No symbol) [0x010A093C]
	(No symbol) [0x0109A536]
	(No symbol) [0x010782DC]
	(No symbol) [0x010793DD]
	GetHandleVerifier [0x0141AABD+2539405]
	GetHandleVerifier [0x0145A78F+2800735]
	GetHandleVerifier [0x0145456C+2775612]
	GetHandleVerifier [0x012451E0+616112]
	(No symbol) [0x01155F8C]
	(No symbol) [0x01152328]
	(No symbol) [0x0115240B]
	(No symbol) [0x01144FF7]
	BaseThreadInitThunk [0x764A5D49+25]
	RtlInitializeExceptionChain [0x76F1D1AB+107]
	RtlGetAppContainerNamedObjectPath [0x76F1D131+561]

	at java.base/jdk.internal.reflect.NativeConstructorAccessorImpl.newInstance0(Native Method)
	at java.base/jdk.internal.reflect.NativeConstructorAccessorImpl.newInstance(NativeConstructorAccessorImpl.java:77)
	at java.base/jdk.internal.reflect.DelegatingConstructorAccessorImpl.newInstance(DelegatingConstructorAccessorImpl.java:45)
	at java.base/java.lang.reflect.Constructor.newInstanceWithCaller(Constructor.java:499)
	at java.base/java.lang.reflect.Constructor.newInstance(Constructor.java:480)
	at org.openqa.selenium.remote.W3CHandshakeResponse.lambda$errorHandler$0(W3CHandshakeResponse.java:62)
	at org.openqa.selenium.remote.HandshakeResponse.lambda$getResponseFunction$0(HandshakeResponse.java:30)
	at org.openqa.selenium.remote.ProtocolHandshake.lambda$createSession$0(ProtocolHandshake.java:126)
	at java.base/java.util.stream.ReferencePipeline$3$1.accept(ReferencePipeline.java:197)
	at java.base/java.util.Spliterators$ArraySpliterator.tryAdvance(Spliterators.java:1002)
	at java.base/java.util.stream.ReferencePipeline.forEachWithCancel(ReferencePipeline.java:129)
	at java.base/java.util.stream.AbstractPipeline.copyIntoWithCancel(AbstractPipeline.java:527)
	at java.base/java.util.stream.AbstractPipeline.copyInto(AbstractPipeline.java:513)
	at java.base/java.util.stream.AbstractPipeline.wrapAndCopyInto(AbstractPipeline.java:499)
	at java.base/java.util.stream.FindOps$FindOp.evaluateSequential(FindOps.java:150)
	at java.base/java.util.stream.AbstractPipeline.evaluate(AbstractPipeline.java:234)
	at java.base/java.util.stream.ReferencePipeline.findFirst(ReferencePipeline.java:647)
	at org.openqa.selenium.remote.ProtocolHandshake.createSession(ProtocolHandshake.java:128)
	at org.openqa.selenium.remote.ProtocolHandshake.createSession(ProtocolHandshake.java:74)
	at org.openqa.selenium.remote.HttpCommandExecutor.execute(HttpCommandExecutor.java:136)
	at org.openqa.selenium.remote.service.DriverCommandExecutor.execute(DriverCommandExecutor.java:83)
	at org.openqa.selenium.remote.RemoteWebDriver.execute(RemoteWebDriver.java:552)
	at org.openqa.selenium.remote.RemoteWebDriver.startSession(RemoteWebDriver.java:213)
	at org.openqa.selenium.remote.RemoteWebDriver.<init>(RemoteWebDriver.java:131)
	at org.openqa.selenium.chrome.ChromeDriver.<init>(ChromeDriver.java:181)
	at org.openqa.selenium.chrome.ChromeDriver.<init>(ChromeDriver.java:168)
	at org.openqa.selenium.chrome.ChromeDriver.<init>(ChromeDriver.java:123)
	at hooks.Hooks.setUp(Hooks.java:15)
&amp#27;[0m
  &amp#27;[36mGiven &amp#27;[0m&amp#27;[36mI am on the login page&amp#27;[0m                 &amp#27;[90m# stepdefinitions.loginSteps.i_am_on_the_login_page()&amp#27;[0m
  &amp#27;[36mThen &amp#27;[0m&amp#27;[36mI should see the site title &amp#27;[0m&amp#27;[36m&amp#27;[1m"Swag Labs"&amp#27;[0m &amp#27;[90m# stepdefinitions.loginSteps.i_should_see_the_site_title(java.lang.String)&amp#27;[0m
]]></system-out>
    <system-err><![CDATA[SLF4J: Failed to load class "org.slf4j.impl.StaticLoggerBinder".
SLF4J: Defaulting to no-operation (NOP) logger implementation
SLF4J: See http://www.slf4j.org/codes.html#StaticLoggerBinder for further details.
Starting ChromeDriver 114.0.5735.90 (386bc09e8f4f2e025eddae123f36f6263096ae49-refs/branch-heads/5735@{#1052}) on port 8335
Only local connections are allowed.
Please see https://chromedriver.chromium.org/security-considerations for suggestions on keeping ChromeDriver safe.
ChromeDriver was started successfully.
]]></system-err>
  </testcase>
</testsuite>